<?xml version="1.0" encoding="UTF-8"?>
<!-- Generated by org.testng.reporters.JUnitXMLReporter -->
<testsuite hostname="WKS56A" ignored="2" name="Unit Test cases " tests="3" failures="0" timestamp="12 Mar 2018 10:39:47 GMT" time="99.088" errors="0">
  <testcase name="brokenLinks" time="55.988" classname="com.progrocers.TestCase.FunctionalTestCase"/>
  <testcase name="searchAlgorithm" time="42.746" classname="com.progrocers.TestCase.FunctionalTestCase"/>
  <testcase name="createCustomer" time="0.0" classname="com.progrocers.TestCase.FunctionalTestCase">
    <skipped/>
  </testcase> <!-- createCustomer -->
  <testcase name="@AfterSuite finish" time="0.0" classname="com.progrocers.Base.TestBase">
    <ignored/>
  </testcase> <!-- @AfterSuite finish -->
  <testcase name="@BeforeSuite setUp" time="0.0" classname="com.progrocers.Base.TestBase">
    <ignored/>
  </testcase> <!-- @BeforeSuite setUp -->
</testsuite> <!-- Unit Test cases  -->
