<?xml version="1.0" encoding="UTF-8"?>
<testng-results skipped="0" failed="0" ignored="2" total="4" passed="2">
  <reporter-output>
  </reporter-output>
  <suite name="ECommerceProject" duration-ms="100470" started-at="2018-03-12T05:47:09Z" finished-at="2018-03-12T05:48:49Z">
    <groups>
    </groups>
    <test name="Unit Test cases " duration-ms="100470" started-at="2018-03-12T05:47:09Z" finished-at="2018-03-12T05:48:49Z">
      <class name="com.progrocers.Base.TestBase">
        <test-method status="PASS" signature="setUp()[pri:0, instance:com.progrocers.Base.TestBase@78123e82]" name="setUp" is-config="true" duration-ms="24873" started-at="2018-03-12T05:46:44Z" finished-at="2018-03-12T05:47:09Z">
          <reporter-output>
          </reporter-output>
        </test-method> <!-- setUp -->
        <test-method status="PASS" signature="finish()[pri:0, instance:com.progrocers.Base.TestBase@78123e82]" name="finish" is-config="true" duration-ms="21" started-at="2018-03-12T05:48:50Z" finished-at="2018-03-12T05:48:50Z">
          <reporter-output>
          </reporter-output>
        </test-method> <!-- finish -->
      </class> <!-- com.progrocers.Base.TestBase -->
      <class name="com.progrocers.TestCase.FunctionalTestCase">
        <test-method status="PASS" signature="brokenLinks()[pri:0, instance:com.progrocers.TestCase.FunctionalTestCase@67c33749]" name="brokenLinks" duration-ms="58084" started-at="2018-03-12T05:47:09Z" finished-at="2018-03-12T05:48:07Z">
          <reporter-output>
          </reporter-output>
        </test-method> <!-- brokenLinks -->
        <test-method status="PASS" signature="searchAlgorithm()[pri:1, instance:com.progrocers.TestCase.FunctionalTestCase@67c33749]" name="searchAlgorithm" duration-ms="42355" started-at="2018-03-12T05:48:07Z" finished-at="2018-03-12T05:48:49Z">
          <reporter-output>
          </reporter-output>
        </test-method> <!-- searchAlgorithm -->
      </class> <!-- com.progrocers.TestCase.FunctionalTestCase -->
    </test> <!-- Unit Test cases  -->
  </suite> <!-- ECommerceProject -->
</testng-results>
